<?xml version="1.0" encoding="UTF-8"?>
<!-- Generated by org.testng.reporters.JUnitXMLReporter -->
<testsuite hostname="DESKTOP-5M0UK2H" ignored="17" name="Default test" tests="1" failures="0" timestamp="2022-10-17T15:02:41 IST" time="9.203" errors="0">
  <testcase name="@BeforeMethod setup" time="9.017" classname="qa.com.recon.testing.CARreportTest">
    <failure type="org.openqa.selenium.SessionNotCreatedException" message="Could not start a new session. Response code 500. Message: session not created: This version of ChromeDriver only supports Chrome version 103
Current browser version is 106.0.5249.103 with binary path C:\Program Files\Google\Chrome\Application\chrome.exe
Build info: version: &amp;apos;4.0.0&amp;apos;, revision: &amp;apos;3a21814679&amp;apos;
System info: host: &amp;apos;DESKTOP-5M0UK2H&amp;apos;, ip: &amp;apos;192.168.1.112&amp;apos;, os.name: &amp;apos;Windows 10&amp;apos;, os.arch: &amp;apos;amd64&amp;apos;, os.version: &amp;apos;10.0&amp;apos;, java.version: &amp;apos;1.8.0_321&amp;apos;
Driver info: org.openqa.selenium.chrome.ChromeDriver
Command: [null, newSession {capabilities=[Capabilities {browserName: chrome, goog:chromeOptions: {args: [], extensions: [], prefs: {download.default_directory: C:\Users\Lenovo\eclipse-wor...}}}], desiredCapabilities=Capabilities {browserName: chrome, goog:chromeOptions: {args: [], extensions: [], prefs: {download.default_directory: C:\Users\Lenovo\eclipse-wor...}}}}]">
      <![CDATA[org.openqa.selenium.SessionNotCreatedException: Could not start a new session. Response code 500. Message: session not created: This version of ChromeDriver only supports Chrome version 103
Current browser version is 106.0.5249.103 with binary path C:\Program Files\Google\Chrome\Application\chrome.exe
Build info: version: '4.0.0', revision: '3a21814679'
System info: host: 'DESKTOP-5M0UK2H', ip: '192.168.1.112', os.name: 'Windows 10', os.arch: 'amd64', os.version: '10.0', java.version: '1.8.0_321'
Driver info: org.openqa.selenium.chrome.ChromeDriver
Command: [null, newSession {capabilities=[Capabilities {browserName: chrome, goog:chromeOptions: {args: [], extensions: [], prefs: {download.default_directory: C:\Users\Lenovo\eclipse-wor...}}}], desiredCapabilities=Capabilities {browserName: chrome, goog:chromeOptions: {args: [], extensions: [], prefs: {download.default_directory: C:\Users\Lenovo\eclipse-wor...}}}}]
at org.openqa.selenium.remote.ProtocolHandshake.createSession(ProtocolHandshake.java:126)
at org.openqa.selenium.remote.ProtocolHandshake.createSession(ProtocolHandshake.java:84)
at org.openqa.selenium.remote.ProtocolHandshake.createSession(ProtocolHandshake.java:62)
at org.openqa.selenium.remote.HttpCommandExecutor.execute(HttpCommandExecutor.java:156)
at org.openqa.selenium.remote.service.DriverCommandExecutor.invokeExecute(DriverCommandExecutor.java:164)
at org.openqa.selenium.remote.service.DriverCommandExecutor.execute(DriverCommandExecutor.java:139)
at org.openqa.selenium.remote.RemoteWebDriver.execute(RemoteWebDriver.java:559)
at org.openqa.selenium.remote.RemoteWebDriver.startSession(RemoteWebDriver.java:246)
at org.openqa.selenium.remote.RemoteWebDriver.<init>(RemoteWebDriver.java:168)
at org.openqa.selenium.chromium.ChromiumDriver.<init>(ChromiumDriver.java:108)
at org.openqa.selenium.chrome.ChromeDriver.<init>(ChromeDriver.java:104)
at org.openqa.selenium.chrome.ChromeDriver.<init>(ChromeDriver.java:91)
at org.openqa.selenium.chrome.ChromeDriver.<init>(ChromeDriver.java:80)
at qa.com.recon.base.TestBase.intialization(TestBase.java:107)
at qa.com.recon.testing.CARreportTest.setup(CARreportTest.java:37)
at sun.reflect.NativeMethodAccessorImpl.invoke0(Native Method)
at sun.reflect.NativeMethodAccessorImpl.invoke(NativeMethodAccessorImpl.java:62)
at sun.reflect.DelegatingMethodAccessorImpl.invoke(DelegatingMethodAccessorImpl.java:43)
at java.lang.reflect.Method.invoke(Method.java:498)
at org.testng.internal.MethodInvocationHelper.invokeMethod(MethodInvocationHelper.java:133)
at org.testng.internal.MethodInvocationHelper.invokeMethodConsideringTimeout(MethodInvocationHelper.java:62)
at org.testng.internal.ConfigInvoker.invokeConfigurationMethod(ConfigInvoker.java:385)
at org.testng.internal.ConfigInvoker.invokeConfigurations(ConfigInvoker.java:321)
at org.testng.internal.TestInvoker.runConfigMethods(TestInvoker.java:700)
at org.testng.internal.TestInvoker.invokeMethod(TestInvoker.java:527)
at org.testng.internal.TestInvoker.invokeTestMethod(TestInvoker.java:173)
at org.testng.internal.MethodRunner.runInSequence(MethodRunner.java:46)
at org.testng.internal.TestInvoker$MethodInvocationAgent.invoke(TestInvoker.java:824)
at org.testng.internal.TestInvoker.invokeTestMethods(TestInvoker.java:146)
at org.testng.internal.TestMethodWorker.invokeTestMethods(TestMethodWorker.java:146)
at org.testng.internal.TestMethodWorker.run(TestMethodWorker.java:128)
at java.util.ArrayList.forEach(ArrayList.java:1259)
at org.testng.TestRunner.privateRun(TestRunner.java:794)
at org.testng.TestRunner.run(TestRunner.java:596)
at org.testng.SuiteRunner.runTest(SuiteRunner.java:377)
at org.testng.SuiteRunner.runSequentially(SuiteRunner.java:371)
at org.testng.SuiteRunner.privateRun(SuiteRunner.java:332)
at org.testng.SuiteRunner.run(SuiteRunner.java:276)
at org.testng.SuiteRunnerWorker.runSuite(SuiteRunnerWorker.java:53)
at org.testng.SuiteRunnerWorker.run(SuiteRunnerWorker.java:96)
at org.testng.TestNG.runSuitesSequentially(TestNG.java:1212)
at org.testng.TestNG.runSuitesLocally(TestNG.java:1134)
at org.testng.TestNG.runSuites(TestNG.java:1063)
at org.testng.TestNG.run(TestNG.java:1031)
at org.testng.remote.AbstractRemoteTestNG.run(AbstractRemoteTestNG.java:115)
at org.testng.remote.RemoteTestNG.initAndRun(RemoteTestNG.java:251)
at org.testng.remote.RemoteTestNG.main(RemoteTestNG.java:77)
]]>
    </failure>
  </testcase> <!-- @BeforeMethod setup -->
  <testcase name="@AfterMethod tearup" time="-1.665999160931E9" classname="qa.com.recon.testing.CARreportTest">
    <skipped/>
  </testcase> <!-- @AfterMethod tearup -->
  <testcase name="ViewCAR" time="0.0" classname="qa.com.recon.testing.CARreportTest">
    <skipped/>
  </testcase> <!-- ViewCAR -->
  <testcase name="Tc_343" time="0.0" classname="qa.com.recon.testing.CARreportTest">
    <ignored/>
  </testcase> <!-- Tc_343 -->
  <testcase name="Tc_376" time="0.0" classname="qa.com.recon.testing.CARreportTest">
    <ignored/>
  </testcase> <!-- Tc_376 -->
  <testcase name="Tc_360" time="0.0" classname="qa.com.recon.testing.CARreportTest">
    <ignored/>
  </testcase> <!-- Tc_360 -->
  <testcase name="TC_339" time="0.0" classname="qa.com.recon.testing.CARreportTest">
    <ignored/>
  </testcase> <!-- TC_339 -->
  <testcase name="Tc_358" time="0.0" classname="qa.com.recon.testing.CARreportTest">
    <ignored/>
  </testcase> <!-- Tc_358 -->
  <testcase name="DownloadCAR" time="0.0" classname="qa.com.recon.testing.CARreportTest">
    <ignored/>
  </testcase> <!-- DownloadCAR -->
  <testcase name="Tc_361_to_3713res1" time="0.0" classname="qa.com.recon.testing.CARreportTest">
    <ignored/>
  </testcase> <!-- Tc_361_to_3713res1 -->
  <testcase name="TC_340res1" time="0.0" classname="qa.com.recon.testing.CARreportTest">
    <ignored/>
  </testcase> <!-- TC_340res1 -->
  <testcase name="TC_340res2" time="0.0" classname="qa.com.recon.testing.CARreportTest">
    <ignored/>
  </testcase> <!-- TC_340res2 -->
  <testcase name="Tc_377" time="0.0" classname="qa.com.recon.testing.CARreportTest">
    <ignored/>
  </testcase> <!-- Tc_377 -->
  <testcase name="TC_342" time="0.0" classname="qa.com.recon.testing.CARreportTest">
    <ignored/>
  </testcase> <!-- TC_342 -->
  <testcase name="Tc_346" time="0.0" classname="qa.com.recon.testing.CARreportTest">
    <ignored/>
  </testcase> <!-- Tc_346 -->
  <testcase name="Tc_357" time="0.0" classname="qa.com.recon.testing.CARreportTest">
    <ignored/>
  </testcase> <!-- Tc_357 -->
  <testcase name="Tc_345" time="0.0" classname="qa.com.recon.testing.CARreportTest">
    <ignored/>
  </testcase> <!-- Tc_345 -->
  <testcase name="Tc_359" time="0.0" classname="qa.com.recon.testing.CARreportTest">
    <ignored/>
  </testcase> <!-- Tc_359 -->
  <testcase name="TC_341" time="0.0" classname="qa.com.recon.testing.CARreportTest">
    <ignored/>
  </testcase> <!-- TC_341 -->
  <testcase name="TC_374" time="0.0" classname="qa.com.recon.testing.CARreportTest">
    <ignored/>
  </testcase> <!-- TC_374 -->
</testsuite> <!-- Default test -->
